<?xml version="1.0" encoding="UTF-8"?>
<!-- Generated by org.testng.reporters.JUnitReportReporter -->
<testsuite hostname="DESKTOP-LO1IC0C" failures="0" tests="1" name="appiumTest.KetoTest" time="130.294" errors="0" timestamp="2024-02-29T15:27:05 IST" skipped="0">
  <testcase classname="appiumTest.KetoTest" name="MenNonVegTest" time="130.294"/>
  <system-out/>
</testsuite> <!-- appiumTest.KetoTest -->
