<?xml version="1.0" encoding="UTF-8"?>
<!-- Generated by org.testng.reporters.JUnitReportReporter -->
<testsuite hostname="DESKTOP-LO1IC0C" failures="0" tests="1" name="appium.Project.ApiDemons" time="30.863" errors="0" timestamp="2024-01-18T18:07:01 IST" skipped="0">
  <testcase classname="appium.Project.ApiDemons" name="apiDemons" time="30.863"/>
  <system-out/>
</testsuite> <!-- appium.Project.ApiDemons -->
