<?xml version="1.0" encoding="UTF-8"?>
<!-- Generated by org.testng.reporters.JUnitReportReporter -->
<testsuite hostname="DESKTOP-LO1IC0C" failures="0" tests="1" name="appium.Project.SauceLabTest" time="14.065" errors="0" timestamp="2024-01-22T15:09:21 IST" skipped="0">
  <testcase classname="appium.Project.SauceLabTest" name="saucLab" time="14.065"/>
  <system-out/>
</testsuite> <!-- appium.Project.SauceLabTest -->
