<?xml version="1.0" encoding="UTF-8"?>
<!-- Generated by org.testng.reporters.JUnitReportReporter -->
<testsuite hostname="DESKTOP-LO1IC0C" failures="0" tests="1" name="appium.Project.MailSending" time="0.002" errors="0" timestamp="2024-03-11T17:53:54 IST" skipped="0">
  <testcase classname="appium.Project.MailSending" name="mailSend" time="0.002"/>
  <system-out/>
</testsuite> <!-- appium.Project.MailSending -->
