<?xml version="1.0" encoding="UTF-8"?>
<!-- Generated by org.testng.reporters.JUnitReportReporter -->
<testsuite hostname="DESKTOP-LO1IC0C" failures="0" tests="1" name="appiumTest.KetoTest" time="240.010" errors="0" timestamp="2024-02-23T12:37:51 IST" skipped="0">
  <testcase classname="appiumTest.KetoTest" name="ketoMenTest" time="240.010"/>
  <system-out/>
</testsuite> <!-- appiumTest.KetoTest -->
